<?xml version="1.0" encoding="UTF-8"?>
<!-- Generated by org.testng.reporters.JUnitXMLReporter -->
<testsuite ignored="0" hostname="C02HF5APQ6L5" failures="1" tests="1" name="Error Validations Test" time="10.457" errors="0" timestamp="2024-02-28T12:16:05 IST">
  <testcase classname="Sel.Tests.ErrorValidationsTest" name="submitOrder" time="10.114">
    <failure type="org.testng.TestNGException" message="
Couldn&amp;apos;t find a constructor in class com.sun.net.httpserver.Authenticator$Retry">
      <![CDATA[org.testng.TestNGException: 
Couldn't find a constructor in class com.sun.net.httpserver.Authenticator$Retry
at java.base/java.util.ArrayList.forEach(ArrayList.java:1511)
at java.base/java.util.concurrent.FutureTask.run(FutureTask.java:264)
at java.base/java.util.concurrent.ThreadPoolExecutor.runWorker(ThreadPoolExecutor.java:1130)
at java.base/java.util.concurrent.ThreadPoolExecutor$Worker.run(ThreadPoolExecutor.java:630)
at java.base/java.lang.Thread.run(Thread.java:832)
... Removed 20 stack frames]]>
    </failure>
  </testcase> <!-- submitOrder -->
</testsuite> <!-- Error Validations Test -->
